{"/Users/mac/Documents/work/linea-token-list/src/config/config.schema.ts": {"path":"/Users/mac/Documents/work/linea-token-list/src/config/config.schema.ts","statementMap":{"0":{"start":{"line":3,"column":28},"end":{"line":20,"column":2}}},"fnMap":{},"branchMap":{},"s":{"0":1},"f":{},"b":{},"_coverageSchema":"1a1c01bbd47fc00a2c39e90264f33305004495a9","hash":"f530f9fd8f8231fc4447070ffd17b7cc5e2edcbc"}
,"/Users/mac/Documents/work/linea-token-list/src/logger/index.ts": {"path":"/Users/mac/Documents/work/linea-token-list/src/logger/index.ts","statementMap":{"0":{"start":{"line":4,"column":18},"end":{"line":4,"column":56}},"1":{"start":{"line":6,"column":21},"end":{"line":9,"column":2}},"2":{"start":{"line":7,"column":21},"end":{"line":7,"column":87}},"3":{"start":{"line":8,"column":2},"end":{"line":8,"column":98}},"4":{"start":{"line":11,"column":15},"end":{"line":24,"column":2}}},"fnMap":{"0":{"name":"(anonymous_0)","decl":{"start":{"line":6,"column":35},"end":{"line":6,"column":36}},"loc":{"start":{"line":6,"column":92},"end":{"line":9,"column":1}},"line":6}},"branchMap":{"0":{"loc":{"start":{"line":7,"column":21},"end":{"line":7,"column":87}},"type":"cond-expr","locations":[{"start":{"line":7,"column":52},"end":{"line":7,"column":82}},{"start":{"line":7,"column":85},"end":{"line":7,"column":87}}],"line":7},"1":{"loc":{"start":{"line":8,"column":58},"end":{"line":8,"column":95}},"type":"cond-expr","locations":[{"start":{"line":8,"column":71},"end":{"line":8,"column":90}},{"start":{"line":8,"column":93},"end":{"line":8,"column":95}}],"line":8},"2":{"loc":{"start":{"line":16,"column":4},"end":{"line":16,"column":44}},"type":"cond-expr","locations":[{"start":{"line":16,"column":16},"end":{"line":16,"column":28}},{"start":{"line":16,"column":31},"end":{"line":16,"column":44}}],"line":16},"3":{"loc":{"start":{"line":21,"column":14},"end":{"line":21,"column":89}},"type":"cond-expr","locations":[{"start":{"line":21,"column":26},"end":{"line":21,"column":73}},{"start":{"line":21,"column":76},"end":{"line":21,"column":89}}],"line":21}},"s":{"0":3,"1":3,"2":0,"3":0,"4":3},"f":{"0":0},"b":{"0":[0,0],"1":[0,0],"2":[0,3],"3":[0,3]},"_coverageSchema":"1a1c01bbd47fc00a2c39e90264f33305004495a9","hash":"5bf06f59b80c9746055ed8321d55e85e11aa5cbd"}
,"/Users/mac/Documents/work/linea-token-list/src/services/token.service.ts": {"path":"/Users/mac/Documents/work/linea-token-list/src/services/token.service.ts","statementMap":{"0":{"start":{"line":22,"column":24},"end":{"line":22,"column":49}},"1":{"start":{"line":23,"column":26},"end":{"line":23,"column":28}},"2":{"start":{"line":29,"column":23},"end":{"line":29,"column":25}},"3":{"start":{"line":41,"column":24},"end":{"line":41,"column":61}},"4":{"start":{"line":42,"column":4},"end":{"line":42,"column":59}},"5":{"start":{"line":43,"column":4},"end":{"line":43,"column":72}},"6":{"start":{"line":46,"column":4},"end":{"line":46,"column":92}},"7":{"start":{"line":47,"column":4},"end":{"line":47,"column":92}},"8":{"start":{"line":54,"column":42},"end":{"line":54,"column":84}},"9":{"start":{"line":55,"column":42},"end":{"line":55,"column":84}},"10":{"start":{"line":56,"column":33},"end":{"line":56,"column":97}},"11":{"start":{"line":57,"column":33},"end":{"line":57,"column":97}},"12":{"start":{"line":60,"column":54},"end":{"line":63,"column":7}},"13":{"start":{"line":60,"column":82},"end":{"line":63,"column":5}},"14":{"start":{"line":64,"column":54},"end":{"line":67,"column":7}},"15":{"start":{"line":64,"column":82},"end":{"line":67,"column":5}},"16":{"start":{"line":69,"column":19},"end":{"line":69,"column":77}},"17":{"start":{"line":70,"column":4},"end":{"line":80,"column":5}},"18":{"start":{"line":71,"column":6},"end":{"line":79,"column":7}},"19":{"start":{"line":72,"column":22},"end":{"line":72,"column":57}},"20":{"start":{"line":73,"column":8},"end":{"line":76,"column":9}},"21":{"start":{"line":74,"column":10},"end":{"line":74,"column":61}},"22":{"start":{"line":75,"column":10},"end":{"line":75,"column":37}},"23":{"start":{"line":78,"column":8},"end":{"line":78,"column":70}},"24":{"start":{"line":90,"column":21},"end":{"line":90,"column":101}},"25":{"start":{"line":91,"column":4},"end":{"line":103,"column":5}},"26":{"start":{"line":92,"column":28},"end":{"line":92,"column":87}},"27":{"start":{"line":93,"column":6},"end":{"line":93,"column":67}},"28":{"start":{"line":95,"column":6},"end":{"line":95,"column":96}},"29":{"start":{"line":96,"column":6},"end":{"line":102,"column":7}},"30":{"start":{"line":97,"column":33},"end":{"line":97,"column":98}},"31":{"start":{"line":98,"column":8},"end":{"line":98,"column":70}},"32":{"start":{"line":100,"column":8},"end":{"line":100,"column":106}},"33":{"start":{"line":101,"column":8},"end":{"line":101,"column":15}},"34":{"start":{"line":112,"column":49},"end":{"line":112,"column":78}},"35":{"start":{"line":113,"column":24},"end":{"line":113,"column":85}},"36":{"start":{"line":114,"column":4},"end":{"line":119,"column":5}},"37":{"start":{"line":115,"column":6},"end":{"line":115,"column":84}},"38":{"start":{"line":116,"column":6},"end":{"line":116,"column":25}},"39":{"start":{"line":118,"column":6},"end":{"line":118,"column":55}},"40":{"start":{"line":121,"column":16},"end":{"line":121,"column":76}},"41":{"start":{"line":122,"column":4},"end":{"line":129,"column":5}},"42":{"start":{"line":123,"column":6},"end":{"line":125,"column":9}},"43":{"start":{"line":126,"column":6},"end":{"line":126,"column":56}},"44":{"start":{"line":127,"column":6},"end":{"line":127,"column":51}},"45":{"start":{"line":128,"column":6},"end":{"line":128,"column":19}},"46":{"start":{"line":147,"column":4},"end":{"line":147,"column":33}},"47":{"start":{"line":148,"column":4},"end":{"line":148,"column":33}},"48":{"start":{"line":149,"column":4},"end":{"line":167,"column":5}},"49":{"start":{"line":150,"column":6},"end":{"line":150,"column":52}},"50":{"start":{"line":151,"column":6},"end":{"line":151,"column":57}},"51":{"start":{"line":152,"column":6},"end":{"line":152,"column":72}},"52":{"start":{"line":153,"column":6},"end":{"line":157,"column":7}},"53":{"start":{"line":154,"column":8},"end":{"line":154,"column":71}},"54":{"start":{"line":155,"column":8},"end":{"line":155,"column":70}},"55":{"start":{"line":156,"column":8},"end":{"line":156,"column":57}},"56":{"start":{"line":159,"column":6},"end":{"line":159,"column":55}},"57":{"start":{"line":160,"column":6},"end":{"line":160,"column":54}},"58":{"start":{"line":161,"column":6},"end":{"line":161,"column":69}},"59":{"start":{"line":162,"column":6},"end":{"line":166,"column":7}},"60":{"start":{"line":163,"column":8},"end":{"line":163,"column":68}},"61":{"start":{"line":164,"column":8},"end":{"line":164,"column":73}},"62":{"start":{"line":165,"column":8},"end":{"line":165,"column":57}},"63":{"start":{"line":169,"column":4},"end":{"line":169,"column":17}},"64":{"start":{"line":178,"column":4},"end":{"line":189,"column":5}},"65":{"start":{"line":179,"column":35},"end":{"line":179,"column":85}},"66":{"start":{"line":180,"column":6},"end":{"line":182,"column":7}},"67":{"start":{"line":181,"column":8},"end":{"line":181,"column":45}},"68":{"start":{"line":183,"column":6},"end":{"line":183,"column":19}},"69":{"start":{"line":185,"column":6},"end":{"line":187,"column":9}},"70":{"start":{"line":188,"column":6},"end":{"line":188,"column":23}},"71":{"start":{"line":197,"column":4},"end":{"line":210,"column":5}},"72":{"start":{"line":198,"column":27},"end":{"line":198,"column":61}},"73":{"start":{"line":199,"column":33},"end":{"line":201,"column":7}},"74":{"start":{"line":200,"column":27},"end":{"line":200,"column":83}},"75":{"start":{"line":205,"column":6},"end":{"line":209,"column":7}},"76":{"start":{"line":206,"column":8},"end":{"line":206,"column":54}},"77":{"start":{"line":207,"column":13},"end":{"line":209,"column":7}},"78":{"start":{"line":208,"column":8},"end":{"line":208,"column":38}},"79":{"start":{"line":217,"column":4},"end":{"line":217,"column":56}},"80":{"start":{"line":218,"column":4},"end":{"line":221,"column":5}},"81":{"start":{"line":219,"column":6},"end":{"line":219,"column":42}},"82":{"start":{"line":220,"column":6},"end":{"line":220,"column":13}},"83":{"start":{"line":223,"column":25},"end":{"line":228,"column":5}},"84":{"start":{"line":229,"column":4},"end":{"line":229,"column":66}},"85":{"start":{"line":231,"column":4},"end":{"line":231,"column":60}},"86":{"start":{"line":232,"column":4},"end":{"line":236,"column":7}},"87":{"start":{"line":244,"column":4},"end":{"line":244,"column":41}},"88":{"start":{"line":245,"column":22},"end":{"line":245,"column":40}},"89":{"start":{"line":246,"column":27},"end":{"line":246,"column":71}},"90":{"start":{"line":248,"column":31},"end":{"line":274,"column":5}},"91":{"start":{"line":249,"column":6},"end":{"line":249,"column":109}},"92":{"start":{"line":250,"column":47},"end":{"line":250,"column":76}},"93":{"start":{"line":252,"column":6},"end":{"line":254,"column":7}},"94":{"start":{"line":253,"column":8},"end":{"line":253,"column":43}},"95":{"start":{"line":255,"column":6},"end":{"line":255,"column":45}},"96":{"start":{"line":257,"column":6},"end":{"line":264,"column":7}},"97":{"start":{"line":258,"column":8},"end":{"line":262,"column":11}},"98":{"start":{"line":263,"column":8},"end":{"line":263,"column":46}},"99":{"start":{"line":266,"column":6},"end":{"line":273,"column":7}},"100":{"start":{"line":267,"column":8},"end":{"line":271,"column":11}},"101":{"start":{"line":272,"column":8},"end":{"line":272,"column":50}},"102":{"start":{"line":276,"column":4},"end":{"line":281,"column":5}},"103":{"start":{"line":276,"column":17},"end":{"line":276,"column":18}},"104":{"start":{"line":278,"column":25},"end":{"line":278,"column":71}},"105":{"start":{"line":280,"column":6},"end":{"line":280,"column":103}},"106":{"start":{"line":280,"column":68},"end":{"line":280,"column":100}},"107":{"start":{"line":283,"column":4},"end":{"line":283,"column":61}},"108":{"start":{"line":292,"column":43},"end":{"line":292,"column":54}},"109":{"start":{"line":294,"column":4},"end":{"line":311,"column":5}},"110":{"start":{"line":296,"column":8},"end":{"line":296,"column":53}},"111":{"start":{"line":298,"column":8},"end":{"line":307,"column":9}},"112":{"start":{"line":299,"column":10},"end":{"line":303,"column":11}},"113":{"start":{"line":300,"column":12},"end":{"line":300,"column":86}},"114":{"start":{"line":302,"column":12},"end":{"line":302,"column":83}},"115":{"start":{"line":305,"column":10},"end":{"line":305,"column":76}},"116":{"start":{"line":306,"column":10},"end":{"line":306,"column":22}},"117":{"start":{"line":308,"column":8},"end":{"line":308,"column":14}},"118":{"start":{"line":310,"column":8},"end":{"line":310,"column":43}},"119":{"start":{"line":312,"column":4},"end":{"line":314,"column":5}},"120":{"start":{"line":313,"column":6},"end":{"line":313,"column":54}},"121":{"start":{"line":316,"column":4},"end":{"line":316,"column":25}},"122":{"start":{"line":326,"column":4},"end":{"line":326,"column":98}},"123":{"start":{"line":327,"column":4},"end":{"line":332,"column":5}},"124":{"start":{"line":328,"column":6},"end":{"line":330,"column":9}},"125":{"start":{"line":331,"column":6},"end":{"line":331,"column":37}},"126":{"start":{"line":333,"column":4},"end":{"line":333,"column":25}},"127":{"start":{"line":343,"column":4},"end":{"line":345,"column":5}},"128":{"start":{"line":344,"column":6},"end":{"line":344,"column":63}},"129":{"start":{"line":347,"column":25},"end":{"line":347,"column":70}},"130":{"start":{"line":348,"column":35},"end":{"line":348,"column":94}},"131":{"start":{"line":349,"column":35},"end":{"line":349,"column":94}},"132":{"start":{"line":351,"column":4},"end":{"line":355,"column":5}},"133":{"start":{"line":352,"column":6},"end":{"line":352,"column":105}},"134":{"start":{"line":353,"column":11},"end":{"line":355,"column":5}},"135":{"start":{"line":354,"column":6},"end":{"line":354,"column":106}},"136":{"start":{"line":356,"column":4},"end":{"line":356,"column":25}},"137":{"start":{"line":371,"column":4},"end":{"line":371,"column":98}},"138":{"start":{"line":372,"column":4},"end":{"line":380,"column":5}},"139":{"start":{"line":373,"column":6},"end":{"line":379,"column":8}},"140":{"start":{"line":381,"column":4},"end":{"line":381,"column":25}}},"fnMap":{"0":{"name":"(anonymous_0)","decl":{"start":{"line":35,"column":2},"end":{"line":35,"column":3}},"loc":{"start":{"line":39,"column":4},"end":{"line":48,"column":3}},"line":39},"1":{"name":"(anonymous_1)","decl":{"start":{"line":53,"column":2},"end":{"line":53,"column":3}},"loc":{"start":{"line":53,"column":44},"end":{"line":81,"column":3}},"line":53},"2":{"name":"(anonymous_2)","decl":{"start":{"line":60,"column":70},"end":{"line":60,"column":71}},"loc":{"start":{"line":60,"column":82},"end":{"line":63,"column":5}},"line":60},"3":{"name":"(anonymous_3)","decl":{"start":{"line":64,"column":70},"end":{"line":64,"column":71}},"loc":{"start":{"line":64,"column":82},"end":{"line":67,"column":5}},"line":64},"4":{"name":"(anonymous_4)","decl":{"start":{"line":89,"column":2},"end":{"line":89,"column":3}},"loc":{"start":{"line":89,"column":96},"end":{"line":104,"column":3}},"line":89},"5":{"name":"(anonymous_5)","decl":{"start":{"line":111,"column":2},"end":{"line":111,"column":3}},"loc":{"start":{"line":111,"column":76},"end":{"line":130,"column":3}},"line":111},"6":{"name":"(anonymous_6)","decl":{"start":{"line":140,"column":2},"end":{"line":140,"column":3}},"loc":{"start":{"line":146,"column":11},"end":{"line":170,"column":3}},"line":146},"7":{"name":"(anonymous_7)","decl":{"start":{"line":177,"column":2},"end":{"line":177,"column":3}},"loc":{"start":{"line":177,"column":74},"end":{"line":190,"column":3}},"line":177},"8":{"name":"(anonymous_8)","decl":{"start":{"line":196,"column":2},"end":{"line":196,"column":3}},"loc":{"start":{"line":196,"column":61},"end":{"line":211,"column":3}},"line":196},"9":{"name":"(anonymous_9)","decl":{"start":{"line":200,"column":8},"end":{"line":200,"column":9}},"loc":{"start":{"line":200,"column":27},"end":{"line":200,"column":83}},"line":200},"10":{"name":"(anonymous_10)","decl":{"start":{"line":216,"column":2},"end":{"line":216,"column":3}},"loc":{"start":{"line":216,"column":26},"end":{"line":237,"column":3}},"line":216},"11":{"name":"(anonymous_11)","decl":{"start":{"line":243,"column":2},"end":{"line":243,"column":3}},"loc":{"start":{"line":243,"column":33},"end":{"line":284,"column":3}},"line":243},"12":{"name":"(anonymous_12)","decl":{"start":{"line":248,"column":31},"end":{"line":248,"column":32}},"loc":{"start":{"line":248,"column":70},"end":{"line":274,"column":5}},"line":248},"13":{"name":"(anonymous_13)","decl":{"start":{"line":280,"column":39},"end":{"line":280,"column":40}},"loc":{"start":{"line":280,"column":68},"end":{"line":280,"column":100}},"line":280},"14":{"name":"(anonymous_14)","decl":{"start":{"line":291,"column":2},"end":{"line":291,"column":3}},"loc":{"start":{"line":291,"column":62},"end":{"line":317,"column":3}},"line":291},"15":{"name":"(anonymous_15)","decl":{"start":{"line":325,"column":2},"end":{"line":325,"column":3}},"loc":{"start":{"line":325,"column":117},"end":{"line":334,"column":3}},"line":325},"16":{"name":"(anonymous_16)","decl":{"start":{"line":342,"column":2},"end":{"line":342,"column":3}},"loc":{"start":{"line":342,"column":114},"end":{"line":357,"column":3}},"line":342},"17":{"name":"(anonymous_17)","decl":{"start":{"line":366,"column":2},"end":{"line":366,"column":3}},"loc":{"start":{"line":370,"column":32},"end":{"line":382,"column":3}},"line":370}},"branchMap":{"0":{"loc":{"start":{"line":73,"column":8},"end":{"line":76,"column":9}},"type":"if","locations":[{"start":{"line":73,"column":8},"end":{"line":76,"column":9}},{"start":{},"end":{}}],"line":73},"1":{"loc":{"start":{"line":90,"column":21},"end":{"line":90,"column":101}},"type":"cond-expr","locations":[{"start":{"line":90,"column":68},"end":{"line":90,"column":83}},{"start":{"line":90,"column":86},"end":{"line":90,"column":101}}],"line":90},"2":{"loc":{"start":{"line":114,"column":4},"end":{"line":119,"column":5}},"type":"if","locations":[{"start":{"line":114,"column":4},"end":{"line":119,"column":5}},{"start":{"line":117,"column":11},"end":{"line":119,"column":5}}],"line":114},"3":{"loc":{"start":{"line":122,"column":4},"end":{"line":129,"column":5}},"type":"if","locations":[{"start":{"line":122,"column":4},"end":{"line":129,"column":5}},{"start":{},"end":{}}],"line":122},"4":{"loc":{"start":{"line":149,"column":4},"end":{"line":167,"column":5}},"type":"if","locations":[{"start":{"line":149,"column":4},"end":{"line":167,"column":5}},{"start":{"line":158,"column":11},"end":{"line":167,"column":5}}],"line":149},"5":{"loc":{"start":{"line":153,"column":6},"end":{"line":157,"column":7}},"type":"if","locations":[{"start":{"line":153,"column":6},"end":{"line":157,"column":7}},{"start":{},"end":{}}],"line":153},"6":{"loc":{"start":{"line":153,"column":10},"end":{"line":153,"column":47}},"type":"binary-expr","locations":[{"start":{"line":153,"column":10},"end":{"line":153,"column":28}},{"start":{"line":153,"column":32},"end":{"line":153,"column":47}}],"line":153},"7":{"loc":{"start":{"line":162,"column":6},"end":{"line":166,"column":7}},"type":"if","locations":[{"start":{"line":162,"column":6},"end":{"line":166,"column":7}},{"start":{},"end":{}}],"line":162},"8":{"loc":{"start":{"line":162,"column":10},"end":{"line":162,"column":47}},"type":"binary-expr","locations":[{"start":{"line":162,"column":10},"end":{"line":162,"column":28}},{"start":{"line":162,"column":32},"end":{"line":162,"column":47}}],"line":162},"9":{"loc":{"start":{"line":180,"column":6},"end":{"line":182,"column":7}},"type":"if","locations":[{"start":{"line":180,"column":6},"end":{"line":182,"column":7}},{"start":{},"end":{}}],"line":180},"10":{"loc":{"start":{"line":205,"column":6},"end":{"line":209,"column":7}},"type":"if","locations":[{"start":{"line":205,"column":6},"end":{"line":209,"column":7}},{"start":{"line":207,"column":13},"end":{"line":209,"column":7}}],"line":205},"11":{"loc":{"start":{"line":205,"column":10},"end":{"line":205,"column":95}},"type":"binary-expr","locations":[{"start":{"line":205,"column":10},"end":{"line":205,"column":35}},{"start":{"line":205,"column":39},"end":{"line":205,"column":95}}],"line":205},"12":{"loc":{"start":{"line":207,"column":13},"end":{"line":209,"column":7}},"type":"if","locations":[{"start":{"line":207,"column":13},"end":{"line":209,"column":7}},{"start":{},"end":{}}],"line":207},"13":{"loc":{"start":{"line":218,"column":4},"end":{"line":221,"column":5}},"type":"if","locations":[{"start":{"line":218,"column":4},"end":{"line":221,"column":5}},{"start":{},"end":{}}],"line":218},"14":{"loc":{"start":{"line":252,"column":6},"end":{"line":254,"column":7}},"type":"if","locations":[{"start":{"line":252,"column":6},"end":{"line":254,"column":7}},{"start":{},"end":{}}],"line":252},"15":{"loc":{"start":{"line":257,"column":6},"end":{"line":264,"column":7}},"type":"if","locations":[{"start":{"line":257,"column":6},"end":{"line":264,"column":7}},{"start":{},"end":{}}],"line":257},"16":{"loc":{"start":{"line":266,"column":6},"end":{"line":273,"column":7}},"type":"if","locations":[{"start":{"line":266,"column":6},"end":{"line":273,"column":7}},{"start":{},"end":{}}],"line":266},"17":{"loc":{"start":{"line":294,"column":4},"end":{"line":311,"column":5}},"type":"switch","locations":[{"start":{"line":295,"column":6},"end":{"line":296,"column":53}},{"start":{"line":297,"column":6},"end":{"line":308,"column":14}},{"start":{"line":309,"column":6},"end":{"line":310,"column":43}}],"line":294},"18":{"loc":{"start":{"line":299,"column":10},"end":{"line":303,"column":11}},"type":"if","locations":[{"start":{"line":299,"column":10},"end":{"line":303,"column":11}},{"start":{"line":301,"column":17},"end":{"line":303,"column":11}}],"line":299},"19":{"loc":{"start":{"line":312,"column":4},"end":{"line":314,"column":5}},"type":"if","locations":[{"start":{"line":312,"column":4},"end":{"line":314,"column":5}},{"start":{},"end":{}}],"line":312},"20":{"loc":{"start":{"line":312,"column":8},"end":{"line":312,"column":68}},"type":"binary-expr","locations":[{"start":{"line":312,"column":8},"end":{"line":312,"column":21}},{"start":{"line":312,"column":25},"end":{"line":312,"column":68}}],"line":312},"21":{"loc":{"start":{"line":327,"column":4},"end":{"line":332,"column":5}},"type":"if","locations":[{"start":{"line":327,"column":4},"end":{"line":332,"column":5}},{"start":{},"end":{}}],"line":327},"22":{"loc":{"start":{"line":343,"column":4},"end":{"line":345,"column":5}},"type":"if","locations":[{"start":{"line":343,"column":4},"end":{"line":345,"column":5}},{"start":{},"end":{}}],"line":343},"23":{"loc":{"start":{"line":351,"column":4},"end":{"line":355,"column":5}},"type":"if","locations":[{"start":{"line":351,"column":4},"end":{"line":355,"column":5}},{"start":{"line":353,"column":11},"end":{"line":355,"column":5}}],"line":351},"24":{"loc":{"start":{"line":353,"column":11},"end":{"line":355,"column":5}},"type":"if","locations":[{"start":{"line":353,"column":11},"end":{"line":355,"column":5}},{"start":{},"end":{}}],"line":353},"25":{"loc":{"start":{"line":372,"column":4},"end":{"line":380,"column":5}},"type":"if","locations":[{"start":{"line":372,"column":4},"end":{"line":380,"column":5}},{"start":{},"end":{}}],"line":372}},"s":{"0":1,"1":1,"2":4,"3":4,"4":4,"5":4,"6":4,"7":4,"8":0,"9":0,"10":0,"11":0,"12":0,"13":0,"14":0,"15":0,"16":0,"17":0,"18":0,"19":0,"20":0,"21":0,"22":0,"23":0,"24":0,"25":0,"26":0,"27":0,"28":0,"29":0,"30":0,"31":0,"32":0,"33":0,"34":0,"35":0,"36":0,"37":0,"38":0,"39":0,"40":0,"41":0,"42":0,"43":0,"44":0,"45":0,"46":0,"47":0,"48":0,"49":0,"50":0,"51":0,"52":0,"53":0,"54":0,"55":0,"56":0,"57":0,"58":0,"59":0,"60":0,"61":0,"62":0,"63":0,"64":0,"65":0,"66":0,"67":0,"68":0,"69":0,"70":0,"71":3,"72":6,"73":6,"74":11,"75":6,"76":0,"77":6,"78":4,"79":0,"80":0,"81":0,"82":0,"83":0,"84":0,"85":0,"86":0,"87":0,"88":0,"89":0,"90":0,"91":0,"92":0,"93":0,"94":0,"95":0,"96":0,"97":0,"98":0,"99":0,"100":0,"101":0,"102":0,"103":0,"104":0,"105":0,"106":0,"107":0,"108":0,"109":0,"110":0,"111":0,"112":0,"113":0,"114":0,"115":0,"116":0,"117":0,"118":0,"119":0,"120":0,"121":0,"122":0,"123":0,"124":0,"125":0,"126":0,"127":0,"128":0,"129":0,"130":0,"131":0,"132":0,"133":0,"134":0,"135":0,"136":0,"137":0,"138":0,"139":0,"140":0},"f":{"0":4,"1":0,"2":0,"3":0,"4":0,"5":0,"6":0,"7":0,"8":3,"9":11,"10":0,"11":0,"12":0,"13":0,"14":0,"15":0,"16":0,"17":0},"b":{"0":[0,0],"1":[0,0],"2":[0,0],"3":[0,0],"4":[0,0],"5":[0,0],"6":[0,0],"7":[0,0],"8":[0,0],"9":[0,0],"10":[0,6],"11":[6,2],"12":[4,2],"13":[0,0],"14":[0,0],"15":[0,0],"16":[0,0],"17":[0,0,0],"18":[0,0],"19":[0,0],"20":[0,0],"21":[0,0],"22":[0,0],"23":[0,0],"24":[0,0],"25":[0,0]},"_coverageSchema":"1a1c01bbd47fc00a2c39e90264f33305004495a9","hash":"34aa2ae7eeb02f7f62e72192a052084d3d887a27"}
,"/Users/mac/Documents/work/linea-token-list/src/utils/abi.ts": {"path":"/Users/mac/Documents/work/linea-token-list/src/utils/abi.ts","statementMap":{"0":{"start":{"line":10,"column":23},"end":{"line":18,"column":1}},"1":{"start":{"line":11,"column":2},"end":{"line":17,"column":3}},"2":{"start":{"line":12,"column":16},"end":{"line":12,"column":63}},"3":{"start":{"line":13,"column":4},"end":{"line":13,"column":15}},"4":{"start":{"line":15,"column":4},"end":{"line":15,"column":68}},"5":{"start":{"line":16,"column":4},"end":{"line":16,"column":16}}},"fnMap":{"0":{"name":"(anonymous_0)","decl":{"start":{"line":10,"column":23},"end":{"line":10,"column":24}},"loc":{"start":{"line":10,"column":63},"end":{"line":18,"column":1}},"line":10}},"branchMap":{},"s":{"0":2,"1":14,"2":14,"3":13,"4":1,"5":1},"f":{"0":14},"b":{},"_coverageSchema":"1a1c01bbd47fc00a2c39e90264f33305004495a9","hash":"4ab2119cf77a78254805757f58a2e71706d16701"}
,"/Users/mac/Documents/work/linea-token-list/src/utils/date.ts": {"path":"/Users/mac/Documents/work/linea-token-list/src/utils/date.ts","statementMap":{"0":{"start":{"line":7,"column":30},"end":{"line":9,"column":1}},"1":{"start":{"line":8,"column":2},"end":{"line":8,"column":42}}},"fnMap":{"0":{"name":"(anonymous_0)","decl":{"start":{"line":7,"column":30},"end":{"line":7,"column":31}},"loc":{"start":{"line":7,"column":44},"end":{"line":9,"column":1}},"line":7}},"branchMap":{},"s":{"0":4,"1":11},"f":{"0":11},"b":{},"_coverageSchema":"1a1c01bbd47fc00a2c39e90264f33305004495a9","hash":"0640ececc7d29d84d95a7f9b2e955302c5181756"}
,"/Users/mac/Documents/work/linea-token-list/src/utils/ethereum.ts": {"path":"/Users/mac/Documents/work/linea-token-list/src/utils/ethereum.ts","statementMap":{"0":{"start":{"line":3,"column":32},"end":{"line":6,"column":1}},"1":{"start":{"line":4,"column":24},"end":{"line":4,"column":57}},"2":{"start":{"line":5,"column":2},"end":{"line":5,"column":48}}},"fnMap":{"0":{"name":"(anonymous_0)","decl":{"start":{"line":3,"column":32},"end":{"line":3,"column":33}},"loc":{"start":{"line":3,"column":50},"end":{"line":6,"column":1}},"line":3}},"branchMap":{},"s":{"0":2,"1":3,"2":2},"f":{"0":3},"b":{},"_coverageSchema":"1a1c01bbd47fc00a2c39e90264f33305004495a9","hash":"ddde335361600a4fa4fa1e53f1018e566e0a6556"}
,"/Users/mac/Documents/work/linea-token-list/src/utils/file.ts": {"path":"/Users/mac/Documents/work/linea-token-list/src/utils/file.ts","statementMap":{"0":{"start":{"line":10,"column":28},"end":{"line":17,"column":1}},"1":{"start":{"line":11,"column":2},"end":{"line":16,"column":3}},"2":{"start":{"line":12,"column":4},"end":{"line":12,"column":60}},"3":{"start":{"line":14,"column":4},"end":{"line":14,"column":49}},"4":{"start":{"line":15,"column":4},"end":{"line":15,"column":16}},"5":{"start":{"line":24,"column":28},"end":{"line":32,"column":1}},"6":{"start":{"line":25,"column":2},"end":{"line":31,"column":3}},"7":{"start":{"line":26,"column":26},"end":{"line":26,"column":52}},"8":{"start":{"line":27,"column":4},"end":{"line":27,"column":71}},"9":{"start":{"line":29,"column":4},"end":{"line":29,"column":49}},"10":{"start":{"line":30,"column":4},"end":{"line":30,"column":16}},"11":{"start":{"line":39,"column":36},"end":{"line":49,"column":1}},"12":{"start":{"line":40,"column":2},"end":{"line":48,"column":4}},"13":{"start":{"line":51,"column":27},"end":{"line":70,"column":1}},"14":{"start":{"line":52,"column":2},"end":{"line":69,"column":4}}},"fnMap":{"0":{"name":"(anonymous_0)","decl":{"start":{"line":10,"column":28},"end":{"line":10,"column":29}},"loc":{"start":{"line":10,"column":55},"end":{"line":17,"column":1}},"line":10},"1":{"name":"(anonymous_1)","decl":{"start":{"line":24,"column":28},"end":{"line":24,"column":29}},"loc":{"start":{"line":24,"column":67},"end":{"line":32,"column":1}},"line":24},"2":{"name":"(anonymous_2)","decl":{"start":{"line":39,"column":36},"end":{"line":39,"column":37}},"loc":{"start":{"line":39,"column":78},"end":{"line":49,"column":1}},"line":39},"3":{"name":"(anonymous_3)","decl":{"start":{"line":51,"column":27},"end":{"line":51,"column":28}},"loc":{"start":{"line":51,"column":52},"end":{"line":70,"column":1}},"line":51}},"branchMap":{"0":{"loc":{"start":{"line":64,"column":15},"end":{"line":68,"column":5}},"type":"binary-expr","locations":[{"start":{"line":64,"column":15},"end":{"line":64,"column":30}},{"start":{"line":64,"column":34},"end":{"line":68,"column":5}}],"line":64}},"s":{"0":2,"1":0,"2":0,"3":0,"4":0,"5":2,"6":0,"7":0,"8":0,"9":0,"10":0,"11":2,"12":0,"13":2,"14":0},"f":{"0":0,"1":0,"2":0,"3":0},"b":{"0":[0,0]},"_coverageSchema":"1a1c01bbd47fc00a2c39e90264f33305004495a9","hash":"6178f940de25aaf59f0b6b1ea599f0f437f5f254"}
,"/Users/mac/Documents/work/linea-token-list/src/utils/list.ts": {"path":"/Users/mac/Documents/work/linea-token-list/src/utils/list.ts","statementMap":{"0":{"start":{"line":8,"column":33},"end":{"line":16,"column":1}},"1":{"start":{"line":9,"column":27},"end":{"line":9,"column":35}},"2":{"start":{"line":10,"column":2},"end":{"line":15,"column":4}},"3":{"start":{"line":23,"column":34},"end":{"line":25,"column":1}},"4":{"start":{"line":24,"column":2},"end":{"line":24,"column":69}},"5":{"start":{"line":24,"column":39},"end":{"line":24,"column":67}}},"fnMap":{"0":{"name":"(anonymous_0)","decl":{"start":{"line":8,"column":33},"end":{"line":8,"column":34}},"loc":{"start":{"line":8,"column":69},"end":{"line":16,"column":1}},"line":8},"1":{"name":"(anonymous_1)","decl":{"start":{"line":23,"column":34},"end":{"line":23,"column":35}},"loc":{"start":{"line":23,"column":67},"end":{"line":25,"column":1}},"line":23},"2":{"name":"(anonymous_2)","decl":{"start":{"line":24,"column":29},"end":{"line":24,"column":30}},"loc":{"start":{"line":24,"column":39},"end":{"line":24,"column":67}},"line":24}},"branchMap":{},"s":{"0":3,"1":1,"2":1,"3":3,"4":1,"5":4},"f":{"0":1,"1":1,"2":4},"b":{},"_coverageSchema":"1a1c01bbd47fc00a2c39e90264f33305004495a9","hash":"a0e8ee18a887c33e3dbd7597caaa47a642a4edae"}
,"/Users/mac/Documents/work/linea-token-list/src/utils/logo.ts": {"path":"/Users/mac/Documents/work/linea-token-list/src/utils/logo.ts","statementMap":{"0":{"start":{"line":22,"column":28},"end":{"line":32,"column":1}},"1":{"start":{"line":23,"column":2},"end":{"line":31,"column":3}},"2":{"start":{"line":25,"column":6},"end":{"line":25,"column":42}},"3":{"start":{"line":27,"column":6},"end":{"line":27,"column":46}},"4":{"start":{"line":29,"column":6},"end":{"line":29,"column":55}},"5":{"start":{"line":30,"column":6},"end":{"line":30,"column":18}},"6":{"start":{"line":39,"column":41},"end":{"line":68,"column":1}},"7":{"start":{"line":40,"column":59},"end":{"line":40,"column":65}},"8":{"start":{"line":41,"column":42},"end":{"line":41,"column":51}},"9":{"start":{"line":43,"column":23},"end":{"line":43,"column":95}},"10":{"start":{"line":45,"column":2},"end":{"line":48,"column":3}},"11":{"start":{"line":46,"column":4},"end":{"line":46,"column":60}},"12":{"start":{"line":47,"column":4},"end":{"line":47,"column":16}},"13":{"start":{"line":50,"column":28},"end":{"line":50,"column":58}},"14":{"start":{"line":52,"column":2},"end":{"line":67,"column":3}},"15":{"start":{"line":53,"column":16},"end":{"line":53,"column":69}},"16":{"start":{"line":54,"column":59},"end":{"line":62,"column":6}},"17":{"start":{"line":63,"column":4},"end":{"line":63,"column":30}},"18":{"start":{"line":65,"column":4},"end":{"line":65,"column":69}},"19":{"start":{"line":66,"column":4},"end":{"line":66,"column":16}},"20":{"start":{"line":75,"column":37},"end":{"line":97,"column":1}},"21":{"start":{"line":76,"column":55},"end":{"line":76,"column":61}},"22":{"start":{"line":77,"column":42},"end":{"line":77,"column":47}},"23":{"start":{"line":79,"column":23},"end":{"line":79,"column":95}},"24":{"start":{"line":81,"column":2},"end":{"line":84,"column":3}},"25":{"start":{"line":82,"column":4},"end":{"line":82,"column":56}},"26":{"start":{"line":83,"column":4},"end":{"line":83,"column":16}},"27":{"start":{"line":86,"column":28},"end":{"line":86,"column":58}},"28":{"start":{"line":88,"column":2},"end":{"line":96,"column":3}},"29":{"start":{"line":89,"column":16},"end":{"line":89,"column":71}},"30":{"start":{"line":90,"column":55},"end":{"line":90,"column":86}},"31":{"start":{"line":92,"column":4},"end":{"line":92,"column":37}},"32":{"start":{"line":94,"column":4},"end":{"line":94,"column":65}},"33":{"start":{"line":95,"column":4},"end":{"line":95,"column":16}},"34":{"start":{"line":105,"column":28},"end":{"line":125,"column":1}},"35":{"start":{"line":106,"column":2},"end":{"line":124,"column":3}},"36":{"start":{"line":107,"column":29},"end":{"line":107,"column":49}},"37":{"start":{"line":108,"column":4},"end":{"line":119,"column":5}},"38":{"start":{"line":109,"column":31},"end":{"line":109,"column":51}},"39":{"start":{"line":110,"column":6},"end":{"line":110,"column":36}},"40":{"start":{"line":111,"column":6},"end":{"line":111,"column":40}},"41":{"start":{"line":113,"column":6},"end":{"line":118,"column":9}},"42":{"start":{"line":120,"column":9},"end":{"line":124,"column":3}},"43":{"start":{"line":121,"column":4},"end":{"line":121,"column":70}},"44":{"start":{"line":123,"column":4},"end":{"line":123,"column":94}}},"fnMap":{"0":{"name":"(anonymous_0)","decl":{"start":{"line":22,"column":28},"end":{"line":22,"column":29}},"loc":{"start":{"line":22,"column":100},"end":{"line":32,"column":1}},"line":22},"1":{"name":"(anonymous_1)","decl":{"start":{"line":39,"column":41},"end":{"line":39,"column":42}},"loc":{"start":{"line":39,"column":93},"end":{"line":68,"column":1}},"line":39},"2":{"name":"(anonymous_2)","decl":{"start":{"line":75,"column":37},"end":{"line":75,"column":38}},"loc":{"start":{"line":75,"column":85},"end":{"line":97,"column":1}},"line":75},"3":{"name":"(anonymous_3)","decl":{"start":{"line":105,"column":28},"end":{"line":105,"column":29}},"loc":{"start":{"line":105,"column":89},"end":{"line":125,"column":1}},"line":105}},"branchMap":{"0":{"loc":{"start":{"line":23,"column":2},"end":{"line":31,"column":3}},"type":"switch","locations":[{"start":{"line":24,"column":4},"end":{"line":25,"column":42}},{"start":{"line":26,"column":4},"end":{"line":27,"column":46}},{"start":{"line":28,"column":4},"end":{"line":30,"column":18}}],"line":23},"1":{"loc":{"start":{"line":43,"column":23},"end":{"line":43,"column":95}},"type":"cond-expr","locations":[{"start":{"line":43,"column":63},"end":{"line":43,"column":70}},{"start":{"line":43,"column":73},"end":{"line":43,"column":95}}],"line":43},"2":{"loc":{"start":{"line":45,"column":2},"end":{"line":48,"column":3}},"type":"if","locations":[{"start":{"line":45,"column":2},"end":{"line":48,"column":3}},{"start":{},"end":{}}],"line":45},"3":{"loc":{"start":{"line":79,"column":23},"end":{"line":79,"column":95}},"type":"cond-expr","locations":[{"start":{"line":79,"column":63},"end":{"line":79,"column":70}},{"start":{"line":79,"column":73},"end":{"line":79,"column":95}}],"line":79},"4":{"loc":{"start":{"line":81,"column":2},"end":{"line":84,"column":3}},"type":"if","locations":[{"start":{"line":81,"column":2},"end":{"line":84,"column":3}},{"start":{},"end":{}}],"line":81},"5":{"loc":{"start":{"line":106,"column":2},"end":{"line":124,"column":3}},"type":"if","locations":[{"start":{"line":106,"column":2},"end":{"line":124,"column":3}},{"start":{"line":120,"column":9},"end":{"line":124,"column":3}}],"line":106},"6":{"loc":{"start":{"line":107,"column":29},"end":{"line":107,"column":49}},"type":"binary-expr","locations":[{"start":{"line":107,"column":29},"end":{"line":107,"column":43}},{"start":{"line":107,"column":47},"end":{"line":107,"column":49}}],"line":107},"7":{"loc":{"start":{"line":108,"column":4},"end":{"line":119,"column":5}},"type":"if","locations":[{"start":{"line":108,"column":4},"end":{"line":119,"column":5}},{"start":{"line":112,"column":11},"end":{"line":119,"column":5}}],"line":108},"8":{"loc":{"start":{"line":120,"column":9},"end":{"line":124,"column":3}},"type":"if","locations":[{"start":{"line":120,"column":9},"end":{"line":124,"column":3}},{"start":{"line":122,"column":9},"end":{"line":124,"column":3}}],"line":120}},"s":{"0":1,"1":0,"2":0,"3":0,"4":0,"5":0,"6":1,"7":0,"8":0,"9":0,"10":0,"11":0,"12":0,"13":0,"14":0,"15":0,"16":0,"17":0,"18":0,"19":0,"20":1,"21":0,"22":0,"23":0,"24":0,"25":0,"26":0,"27":0,"28":0,"29":0,"30":0,"31":0,"32":0,"33":0,"34":1,"35":0,"36":0,"37":0,"38":0,"39":0,"40":0,"41":0,"42":0,"43":0,"44":0},"f":{"0":0,"1":0,"2":0,"3":0},"b":{"0":[0,0,0],"1":[0,0],"2":[0,0],"3":[0,0],"4":[0,0],"5":[0,0],"6":[0,0],"7":[0,0],"8":[0,0]},"_coverageSchema":"1a1c01bbd47fc00a2c39e90264f33305004495a9","hash":"23e1af58e875fd109967578fd34614b36de8d1c7"}
,"/Users/mac/Documents/work/linea-token-list/src/utils/token.ts": {"path":"/Users/mac/Documents/work/linea-token-list/src/utils/token.ts","statementMap":{"0":{"start":{"line":16,"column":38},"end":{"line":21,"column":1}},"1":{"start":{"line":17,"column":23},"end":{"line":17,"column":93}},"2":{"start":{"line":18,"column":29},"end":{"line":18,"column":99}},"3":{"start":{"line":20,"column":2},"end":{"line":20,"column":46}},"4":{"start":{"line":30,"column":35},"end":{"line":34,"column":4}},"5":{"start":{"line":36,"column":21},"end":{"line":36,"column":27}},"6":{"start":{"line":37,"column":19},"end":{"line":37,"column":23}},"7":{"start":{"line":40,"column":2},"end":{"line":43,"column":3}},"8":{"start":{"line":41,"column":4},"end":{"line":41,"column":48}},"9":{"start":{"line":42,"column":4},"end":{"line":42,"column":52}},"10":{"start":{"line":45,"column":34},"end":{"line":61,"column":3}},"11":{"start":{"line":63,"column":2},"end":{"line":63,"column":26}},"12":{"start":{"line":72,"column":32},"end":{"line":81,"column":1}},"13":{"start":{"line":73,"column":16},"end":{"line":73,"column":80}},"14":{"start":{"line":73,"column":49},"end":{"line":73,"column":79}},"15":{"start":{"line":74,"column":2},"end":{"line":76,"column":3}},"16":{"start":{"line":75,"column":4},"end":{"line":75,"column":17}},"17":{"start":{"line":77,"column":25},"end":{"line":77,"column":104}},"18":{"start":{"line":77,"column":58},"end":{"line":77,"column":103}},"19":{"start":{"line":78,"column":2},"end":{"line":80,"column":3}},"20":{"start":{"line":79,"column":4},"end":{"line":79,"column":26}},"21":{"start":{"line":89,"column":39},"end":{"line":104,"column":1}},"22":{"start":{"line":90,"column":2},"end":{"line":103,"column":3}},"23":{"start":{"line":91,"column":4},"end":{"line":91,"column":39}},"24":{"start":{"line":93,"column":22},"end":{"line":93,"column":40}},"25":{"start":{"line":94,"column":24},"end":{"line":94,"column":65}},"26":{"start":{"line":95,"column":25},"end":{"line":100,"column":5}},"27":{"start":{"line":101,"column":4},"end":{"line":101,"column":37}},"28":{"start":{"line":102,"column":4},"end":{"line":102,"column":61}},"29":{"start":{"line":111,"column":32},"end":{"line":118,"column":1}},"30":{"start":{"line":112,"column":2},"end":{"line":112,"column":82}},"31":{"start":{"line":113,"column":2},"end":{"line":113,"column":116}},"32":{"start":{"line":114,"column":2},"end":{"line":114,"column":79}},"33":{"start":{"line":115,"column":2},"end":{"line":115,"column":85}},"34":{"start":{"line":116,"column":2},"end":{"line":116,"column":82}},"35":{"start":{"line":117,"column":2},"end":{"line":117,"column":116}},"36":{"start":{"line":127,"column":27},"end":{"line":142,"column":1}},"37":{"start":{"line":133,"column":2},"end":{"line":141,"column":3}},"38":{"start":{"line":134,"column":20},"end":{"line":134,"column":43}},"39":{"start":{"line":135,"column":4},"end":{"line":139,"column":7}},"40":{"start":{"line":140,"column":4},"end":{"line":140,"column":29}}},"fnMap":{"0":{"name":"(anonymous_0)","decl":{"start":{"line":16,"column":38},"end":{"line":16,"column":39}},"loc":{"start":{"line":16,"column":110},"end":{"line":21,"column":1}},"line":16},"1":{"name":"fetchTokenInfo","decl":{"start":{"line":29,"column":22},"end":{"line":29,"column":36}},"loc":{"start":{"line":29,"column":96},"end":{"line":64,"column":1}},"line":29},"2":{"name":"(anonymous_2)","decl":{"start":{"line":72,"column":32},"end":{"line":72,"column":33}},"loc":{"start":{"line":72,"column":97},"end":{"line":81,"column":1}},"line":72},"3":{"name":"(anonymous_3)","decl":{"start":{"line":73,"column":31},"end":{"line":73,"column":32}},"loc":{"start":{"line":73,"column":49},"end":{"line":73,"column":79}},"line":73},"4":{"name":"(anonymous_4)","decl":{"start":{"line":77,"column":40},"end":{"line":77,"column":41}},"loc":{"start":{"line":77,"column":58},"end":{"line":77,"column":103}},"line":77},"5":{"name":"(anonymous_5)","decl":{"start":{"line":89,"column":39},"end":{"line":89,"column":40}},"loc":{"start":{"line":89,"column":118},"end":{"line":104,"column":1}},"line":89},"6":{"name":"(anonymous_6)","decl":{"start":{"line":111,"column":32},"end":{"line":111,"column":33}},"loc":{"start":{"line":111,"column":78},"end":{"line":118,"column":1}},"line":111},"7":{"name":"(anonymous_7)","decl":{"start":{"line":127,"column":27},"end":{"line":127,"column":28}},"loc":{"start":{"line":132,"column":11},"end":{"line":142,"column":1}},"line":132}},"branchMap":{"0":{"loc":{"start":{"line":17,"column":23},"end":{"line":17,"column":93}},"type":"binary-expr","locations":[{"start":{"line":17,"column":23},"end":{"line":17,"column":48}},{"start":{"line":17,"column":52},"end":{"line":17,"column":93}}],"line":17},"1":{"loc":{"start":{"line":18,"column":29},"end":{"line":18,"column":99}},"type":"binary-expr","locations":[{"start":{"line":18,"column":29},"end":{"line":18,"column":53}},{"start":{"line":18,"column":57},"end":{"line":18,"column":99}}],"line":18},"2":{"loc":{"start":{"line":40,"column":2},"end":{"line":43,"column":3}},"type":"if","locations":[{"start":{"line":40,"column":2},"end":{"line":43,"column":3}},{"start":{},"end":{}}],"line":40},"3":{"loc":{"start":{"line":74,"column":2},"end":{"line":76,"column":3}},"type":"if","locations":[{"start":{"line":74,"column":2},"end":{"line":76,"column":3}},{"start":{},"end":{}}],"line":74},"4":{"loc":{"start":{"line":74,"column":6},"end":{"line":74,"column":43}},"type":"binary-expr","locations":[{"start":{"line":74,"column":6},"end":{"line":74,"column":11}},{"start":{"line":74,"column":15},"end":{"line":74,"column":43}}],"line":74},"5":{"loc":{"start":{"line":78,"column":2},"end":{"line":80,"column":3}},"type":"if","locations":[{"start":{"line":78,"column":2},"end":{"line":80,"column":3}},{"start":{},"end":{}}],"line":78},"6":{"loc":{"start":{"line":78,"column":6},"end":{"line":78,"column":46}},"type":"binary-expr","locations":[{"start":{"line":78,"column":6},"end":{"line":78,"column":20}},{"start":{"line":78,"column":24},"end":{"line":78,"column":46}}],"line":78},"7":{"loc":{"start":{"line":90,"column":2},"end":{"line":103,"column":3}},"type":"if","locations":[{"start":{"line":90,"column":2},"end":{"line":103,"column":3}},{"start":{"line":92,"column":9},"end":{"line":103,"column":3}}],"line":90},"8":{"loc":{"start":{"line":133,"column":2},"end":{"line":141,"column":3}},"type":"if","locations":[{"start":{"line":133,"column":2},"end":{"line":141,"column":3}},{"start":{},"end":{}}],"line":133}},"s":{"0":2,"1":1,"2":1,"3":1,"4":1,"5":1,"6":1,"7":1,"8":0,"9":0,"10":1,"11":1,"12":2,"13":1,"14":1,"15":1,"16":1,"17":0,"18":0,"19":0,"20":0,"21":2,"22":0,"23":0,"24":0,"25":0,"26":0,"27":0,"28":0,"29":2,"30":1,"31":1,"32":1,"33":1,"34":1,"35":0,"36":2,"37":5,"38":1,"39":1,"40":1},"f":{"0":1,"1":1,"2":1,"3":1,"4":0,"5":0,"6":1,"7":5},"b":{"0":[1,1],"1":[1,1],"2":[0,1],"3":[1,0],"4":[1,1],"5":[0,0],"6":[0,0],"7":[0,0],"8":[1,4]},"_coverageSchema":"1a1c01bbd47fc00a2c39e90264f33305004495a9","hash":"bcdbd324cb823cceb4793f4692b81882d1b81fdb"}
,"/Users/mac/Documents/work/linea-token-list/src/utils/validation.ts": {"path":"/Users/mac/Documents/work/linea-token-list/src/utils/validation.ts","statementMap":{"0":{"start":{"line":9,"column":30},"end":{"line":16,"column":1}},"1":{"start":{"line":10,"column":20},"end":{"line":10,"column":49}},"2":{"start":{"line":11,"column":2},"end":{"line":15,"column":3}},"3":{"start":{"line":12,"column":4},"end":{"line":12,"column":65}},"4":{"start":{"line":14,"column":4},"end":{"line":14,"column":45}}},"fnMap":{"0":{"name":"(anonymous_0)","decl":{"start":{"line":9,"column":30},"end":{"line":9,"column":31}},"loc":{"start":{"line":9,"column":56},"end":{"line":16,"column":1}},"line":9}},"branchMap":{"0":{"loc":{"start":{"line":11,"column":2},"end":{"line":15,"column":3}},"type":"if","locations":[{"start":{"line":11,"column":2},"end":{"line":15,"column":3}},{"start":{"line":13,"column":9},"end":{"line":15,"column":3}}],"line":11}},"s":{"0":1,"1":2,"2":2,"3":1,"4":1},"f":{"0":2},"b":{"0":[1,1]},"_coverageSchema":"1a1c01bbd47fc00a2c39e90264f33305004495a9","hash":"9bdb662895049799a8b598023c4d94e8709c57f1"}
}
