TN:
SF:src/config/config.schema.ts
FNF:0
FNH:0
DA:3,1
LF:1
LH:1
BRF:0
BRH:0
end_of_record
TN:
SF:src/logger/index.ts
FN:6,(anonymous_0)
FNF:1
FNH:0
FNDA:0,(anonymous_0)
DA:4,3
DA:6,3
DA:7,0
DA:8,0
DA:11,3
LF:5
LH:3
BRDA:7,0,0,0
BRDA:7,0,1,0
BRDA:8,1,0,0
BRDA:8,1,1,0
BRDA:16,2,0,0
BRDA:16,2,1,3
BRDA:21,3,0,0
BRDA:21,3,1,3
BRF:8
BRH:2
end_of_record
TN:
SF:src/services/token.service.ts
FN:35,(anonymous_0)
FN:53,(anonymous_1)
FN:60,(anonymous_2)
FN:64,(anonymous_3)
FN:89,(anonymous_4)
FN:111,(anonymous_5)
FN:140,(anonymous_6)
FN:177,(anonymous_7)
FN:196,(anonymous_8)
FN:200,(anonymous_9)
FN:216,(anonymous_10)
FN:243,(anonymous_11)
FN:248,(anonymous_12)
FN:280,(anonymous_13)
FN:291,(anonymous_14)
FN:325,(anonymous_15)
FN:342,(anonymous_16)
FN:366,(anonymous_17)
FNF:18
FNH:3
FNDA:4,(anonymous_0)
FNDA:0,(anonymous_1)
FNDA:0,(anonymous_2)
FNDA:0,(anonymous_3)
FNDA:0,(anonymous_4)
FNDA:0,(anonymous_5)
FNDA:0,(anonymous_6)
FNDA:0,(anonymous_7)
FNDA:3,(anonymous_8)
FNDA:11,(anonymous_9)
FNDA:0,(anonymous_10)
FNDA:0,(anonymous_11)
FNDA:0,(anonymous_12)
FNDA:0,(anonymous_13)
FNDA:0,(anonymous_14)
FNDA:0,(anonymous_15)
FNDA:0,(anonymous_16)
FNDA:0,(anonymous_17)
DA:22,1
DA:23,1
DA:29,4
DA:41,4
DA:42,4
DA:43,4
DA:46,4
DA:47,4
DA:54,0
DA:55,0
DA:56,0
DA:57,0
DA:60,0
DA:64,0
DA:69,0
DA:70,0
DA:71,0
DA:72,0
DA:73,0
DA:74,0
DA:75,0
DA:78,0
DA:90,0
DA:91,0
DA:92,0
DA:93,0
DA:95,0
DA:96,0
DA:97,0
DA:98,0
DA:100,0
DA:101,0
DA:112,0
DA:113,0
DA:114,0
DA:115,0
DA:116,0
DA:118,0
DA:121,0
DA:122,0
DA:123,0
DA:126,0
DA:127,0
DA:128,0
DA:147,0
DA:148,0
DA:149,0
DA:150,0
DA:151,0
DA:152,0
DA:153,0
DA:154,0
DA:155,0
DA:156,0
DA:159,0
DA:160,0
DA:161,0
DA:162,0
DA:163,0
DA:164,0
DA:165,0
DA:169,0
DA:178,0
DA:179,0
DA:180,0
DA:181,0
DA:183,0
DA:185,0
DA:188,0
DA:197,3
DA:198,6
DA:199,6
DA:200,11
DA:205,6
DA:206,0
DA:207,6
DA:208,4
DA:217,0
DA:218,0
DA:219,0
DA:220,0
DA:223,0
DA:229,0
DA:231,0
DA:232,0
DA:244,0
DA:245,0
DA:246,0
DA:248,0
DA:249,0
DA:250,0
DA:252,0
DA:253,0
DA:255,0
DA:257,0
DA:258,0
DA:263,0
DA:266,0
DA:267,0
DA:272,0
DA:276,0
DA:278,0
DA:280,0
DA:283,0
DA:292,0
DA:294,0
DA:296,0
DA:298,0
DA:299,0
DA:300,0
DA:302,0
DA:305,0
DA:306,0
DA:308,0
DA:310,0
DA:312,0
DA:313,0
DA:316,0
DA:326,0
DA:327,0
DA:328,0
DA:331,0
DA:333,0
DA:343,0
DA:344,0
DA:347,0
DA:348,0
DA:349,0
DA:351,0
DA:352,0
DA:353,0
DA:354,0
DA:356,0
DA:371,0
DA:372,0
DA:373,0
DA:381,0
LF:137
LH:15
BRDA:73,0,0,0
BRDA:73,0,1,0
BRDA:90,1,0,0
BRDA:90,1,1,0
BRDA:114,2,0,0
BRDA:114,2,1,0
BRDA:122,3,0,0
BRDA:122,3,1,0
BRDA:149,4,0,0
BRDA:149,4,1,0
BRDA:153,5,0,0
BRDA:153,5,1,0
BRDA:153,6,0,0
BRDA:153,6,1,0
BRDA:162,7,0,0
BRDA:162,7,1,0
BRDA:162,8,0,0
BRDA:162,8,1,0
BRDA:180,9,0,0
BRDA:180,9,1,0
BRDA:205,10,0,0
BRDA:205,10,1,6
BRDA:205,11,0,6
BRDA:205,11,1,2
BRDA:207,12,0,4
BRDA:207,12,1,2
BRDA:218,13,0,0
BRDA:218,13,1,0
BRDA:252,14,0,0
BRDA:252,14,1,0
BRDA:257,15,0,0
BRDA:257,15,1,0
BRDA:266,16,0,0
BRDA:266,16,1,0
BRDA:294,17,0,0
BRDA:294,17,1,0
BRDA:294,17,2,0
BRDA:299,18,0,0
BRDA:299,18,1,0
BRDA:312,19,0,0
BRDA:312,19,1,0
BRDA:312,20,0,0
BRDA:312,20,1,0
BRDA:327,21,0,0
BRDA:327,21,1,0
BRDA:343,22,0,0
BRDA:343,22,1,0
BRDA:351,23,0,0
BRDA:351,23,1,0
BRDA:353,24,0,0
BRDA:353,24,1,0
BRDA:372,25,0,0
BRDA:372,25,1,0
BRF:53
BRH:5
end_of_record
TN:
SF:src/utils/abi.ts
FN:10,(anonymous_0)
FNF:1
FNH:1
FNDA:14,(anonymous_0)
DA:10,2
DA:11,14
DA:12,14
DA:13,13
DA:15,1
DA:16,1
LF:6
LH:6
BRF:0
BRH:0
end_of_record
TN:
SF:src/utils/date.ts
FN:7,(anonymous_0)
FNF:1
FNH:1
FNDA:11,(anonymous_0)
DA:7,4
DA:8,11
LF:2
LH:2
BRF:0
BRH:0
end_of_record
TN:
SF:src/utils/ethereum.ts
FN:3,(anonymous_0)
FNF:1
FNH:1
FNDA:3,(anonymous_0)
DA:3,2
DA:4,3
DA:5,2
LF:3
LH:3
BRF:0
BRH:0
end_of_record
TN:
SF:src/utils/file.ts
FN:10,(anonymous_0)
FN:24,(anonymous_1)
FN:39,(anonymous_2)
FN:51,(anonymous_3)
FNF:4
FNH:0
FNDA:0,(anonymous_0)
FNDA:0,(anonymous_1)
FNDA:0,(anonymous_2)
FNDA:0,(anonymous_3)
DA:10,2
DA:11,0
DA:12,0
DA:14,0
DA:15,0
DA:24,2
DA:25,0
DA:26,0
DA:27,0
DA:29,0
DA:30,0
DA:39,2
DA:40,0
DA:51,2
DA:52,0
LF:15
LH:4
BRDA:64,0,0,0
BRDA:64,0,1,0
BRF:2
BRH:0
end_of_record
TN:
SF:src/utils/list.ts
FN:8,(anonymous_0)
FN:23,(anonymous_1)
FN:24,(anonymous_2)
FNF:3
FNH:3
FNDA:1,(anonymous_0)
FNDA:1,(anonymous_1)
FNDA:4,(anonymous_2)
DA:8,3
DA:9,1
DA:10,1
DA:23,3
DA:24,4
LF:5
LH:5
BRF:0
BRH:0
end_of_record
TN:
SF:src/utils/logo.ts
FN:22,(anonymous_0)
FN:39,(anonymous_1)
FN:75,(anonymous_2)
FN:105,(anonymous_3)
FNF:4
FNH:0
FNDA:0,(anonymous_0)
FNDA:0,(anonymous_1)
FNDA:0,(anonymous_2)
FNDA:0,(anonymous_3)
DA:22,1
DA:23,0
DA:25,0
DA:27,0
DA:29,0
DA:30,0
DA:39,1
DA:40,0
DA:41,0
DA:43,0
DA:45,0
DA:46,0
DA:47,0
DA:50,0
DA:52,0
DA:53,0
DA:54,0
DA:63,0
DA:65,0
DA:66,0
DA:75,1
DA:76,0
DA:77,0
DA:79,0
DA:81,0
DA:82,0
DA:83,0
DA:86,0
DA:88,0
DA:89,0
DA:90,0
DA:92,0
DA:94,0
DA:95,0
DA:105,1
DA:106,0
DA:107,0
DA:108,0
DA:109,0
DA:110,0
DA:111,0
DA:113,0
DA:120,0
DA:121,0
DA:123,0
LF:45
LH:4
BRDA:23,0,0,0
BRDA:23,0,1,0
BRDA:23,0,2,0
BRDA:43,1,0,0
BRDA:43,1,1,0
BRDA:45,2,0,0
BRDA:45,2,1,0
BRDA:79,3,0,0
BRDA:79,3,1,0
BRDA:81,4,0,0
BRDA:81,4,1,0
BRDA:106,5,0,0
BRDA:106,5,1,0
BRDA:107,6,0,0
BRDA:107,6,1,0
BRDA:108,7,0,0
BRDA:108,7,1,0
BRDA:120,8,0,0
BRDA:120,8,1,0
BRF:19
BRH:0
end_of_record
TN:
SF:src/utils/token.ts
FN:16,(anonymous_0)
FN:29,fetchTokenInfo
FN:72,(anonymous_2)
FN:73,(anonymous_3)
FN:77,(anonymous_4)
FN:89,(anonymous_5)
FN:111,(anonymous_6)
FN:127,(anonymous_7)
FNF:8
FNH:6
FNDA:1,(anonymous_0)
FNDA:1,fetchTokenInfo
FNDA:1,(anonymous_2)
FNDA:1,(anonymous_3)
FNDA:0,(anonymous_4)
FNDA:0,(anonymous_5)
FNDA:1,(anonymous_6)
FNDA:5,(anonymous_7)
DA:16,2
DA:17,1
DA:18,1
DA:20,1
DA:30,1
DA:36,1
DA:37,1
DA:40,1
DA:41,0
DA:42,0
DA:45,1
DA:63,1
DA:72,2
DA:73,1
DA:74,1
DA:75,1
DA:77,0
DA:78,0
DA:79,0
DA:89,2
DA:90,0
DA:91,0
DA:93,0
DA:94,0
DA:95,0
DA:101,0
DA:102,0
DA:111,2
DA:112,1
DA:113,1
DA:114,1
DA:115,1
DA:116,1
DA:117,0
DA:127,2
DA:133,5
DA:134,1
DA:135,1
DA:140,1
LF:39
LH:26
BRDA:17,0,0,1
BRDA:17,0,1,1
BRDA:18,1,0,1
BRDA:18,1,1,1
BRDA:40,2,0,0
BRDA:40,2,1,1
BRDA:74,3,0,1
BRDA:74,3,1,0
BRDA:74,4,0,1
BRDA:74,4,1,1
BRDA:78,5,0,0
BRDA:78,5,1,0
BRDA:78,6,0,0
BRDA:78,6,1,0
BRDA:90,7,0,0
BRDA:90,7,1,0
BRDA:133,8,0,1
BRDA:133,8,1,4
BRF:18
BRH:10
end_of_record
TN:
SF:src/utils/validation.ts
FN:9,(anonymous_0)
FNF:1
FNH:1
FNDA:2,(anonymous_0)
DA:9,1
DA:10,2
DA:11,2
DA:12,1
DA:14,1
LF:5
LH:5
BRDA:11,0,0,1
BRDA:11,0,1,1
BRF:2
BRH:2
end_of_record
